<?xml version="1.0" encoding="UTF-8"?>
<testsuite name="hello.hellospring.repository.MemoryMemberRepositoryTest" tests="3" skipped="0" failures="0" errors="0" timestamp="2023-10-26T08:04:29" hostname="DESKTOP-KLTAS1T" time="0.081">
  <properties/>
  <testcase name="findAll()" classname="hello.hellospring.repository.MemoryMemberRepositoryTest" time="0.075"/>
  <testcase name="findByName()" classname="hello.hellospring.repository.MemoryMemberRepositoryTest" time="0.001"/>
  <testcase name="save()" classname="hello.hellospring.repository.MemoryMemberRepositoryTest" time="0.001"/>
  <system-out><![CDATA[]]></system-out>
  <system-err><![CDATA[]]></system-err>
</testsuite>
